app/build/outputs/logs/manifest-merger-debug-report.txt
-- Merging decision tree log ---
manifest
ADDED from src\main\AndroidManifest.xml:2:1-69:12
	package
		ADDED from src\main\AndroidManifest.xml:3:5-35
		INJECTED from src\main\AndroidManifest.xml
		INJECTED from src\main\AndroidManifest.xml
	android:versionName
		ADDED from src\main\AndroidManifest.xml:5:5-30
		INJECTED from src\main\AndroidManifest.xml
		INJECTED from src\main\AndroidManifest.xml
	android:versionCode
		ADDED from src\main\AndroidManifest.xml:4:5-28
		INJECTED from src\main\AndroidManifest.xml
		INJECTED from src\main\AndroidManifest.xml
	xmlns:android
		ADDED from src\main\AndroidManifest.xml:2:11-69
uses-sdk
ADDED from src\main\AndroidManifest.xml:7:5-9:41
MERGED from [com.bigkoo:convenientbanner:2.0.5] AndroidManifest.xml:7:5-44
MERGED from [com.android.support:appcompat-v7:22.2.1] AndroidManifest.xml:20:5-43
MERGED from [com.android.support:support-v4:23.0.0] AndroidManifest.xml:20:5-43
MERGED from [com.facebook.fresco:fresco:0.9.0] AndroidManifest.xml:5:5-7:41
MERGED from [com.facebook.fresco:drawee:0.9.0] AndroidManifest.xml:5:5-7:41
MERGED from [com.facebook.fresco:fbcore:0.9.0] AndroidManifest.xml:5:5-7:41
MERGED from [com.facebook.fresco:imagepipeline:0.9.0] AndroidManifest.xml:5:5-7:41
MERGED from [com.facebook.fresco:imagepipeline-base:0.9.0] AndroidManifest.xml:5:5-7:41
MERGED from [myweather:okgo:unspecified] AndroidManifest.xml:7:5-9:41
MERGED from [com.android.support:design:22.2.1] AndroidManifest.xml:20:5-43
MERGED from [myweather:imageLoader:unspecified] AndroidManifest.xml:7:5-9:41
MERGED from [com.android.support:cardview-v7:22.0.0] AndroidManifest.xml:20:5-43
MERGED from [com.google.android.gms:play-services-appindexing:8.4.0] AndroidManifest.xml:18:5-42
MERGED from [com.google.android.gms:play-services-base:8.4.0] AndroidManifest.xml:18:5-42
MERGED from [com.google.android.gms:play-services-basement:8.4.0] AndroidManifest.xml:18:5-42
MERGED from [com.squareup.leakcanary:leakcanary-android:1.3] AndroidManifest.xml:20:5-22:41
	android:targetSdkVersion
		ADDED from src\main\AndroidManifest.xml:9:9-38
		INJECTED from src\main\AndroidManifest.xml
		INJECTED from src\main\AndroidManifest.xml
	android:minSdkVersion
		ADDED from src\main\AndroidManifest.xml:8:9-35
		INJECTED from src\main\AndroidManifest.xml
		INJECTED from src\main\AndroidManifest.xml
uses-permission#android.permission.INTERNET
ADDED from src\main\AndroidManifest.xml:10:5-66
MERGED from [myweather:okgo:unspecified] AndroidManifest.xml:11:5-67
	android:name
		ADDED from src\main\AndroidManifest.xml:10:22-64
uses-permission#android.permission.ACCESS_NETWORK_STATE
ADDED from src\main\AndroidManifest.xml:11:5-78
	android:name
		ADDED from src\main\AndroidManifest.xml:11:22-76
uses-permission#android.permission.CHANGE_NETWORK_STATE
ADDED from src\main\AndroidManifest.xml:12:5-95
	android:name
		ADDED from src\main\AndroidManifest.xml:12:22-76
uses-permission#android.permission.ACCESS_WIFI_STATE
ADDED from src\main\AndroidManifest.xml:13:5-92
	android:name
		ADDED from src\main\AndroidManifest.xml:13:22-73
uses-permission#android.permission.CHANGE_WIFI_STATE
ADDED from src\main\AndroidManifest.xml:14:5-92
	android:name
		ADDED from src\main\AndroidManifest.xml:14:22-73
uses-permission#android.permission.WRITE_EXTERNAL_STORAGE
ADDED from src\main\AndroidManifest.xml:16:5-81
MERGED from [myweather:okgo:unspecified] AndroidManifest.xml:13:5-81
	android:name
		ADDED from src\main\AndroidManifest.xml:16:22-78
uses-permission#android.permission.READ_EXTERNAL_STORAGE
ADDED from src\main\AndroidManifest.xml:17:5-80
MERGED from [myweather:okgo:unspecified] AndroidManifest.xml:12:5-80
	android:name
		ADDED from src\main\AndroidManifest.xml:17:22-77
uses-permission#android.permission.READ_OWNER_DATA
ADDED from src\main\AndroidManifest.xml:22:5-73
	android:name
		ADDED from src\main\AndroidManifest.xml:22:22-71
uses-permission#android.permission.MOUNT_UNMOUNT_FILESYSTEMS
ADDED from src\main\AndroidManifest.xml:25:5-83
MERGED from [myweather:okgo:unspecified] AndroidManifest.xml:14:5-84
	android:name
		ADDED from src\main\AndroidManifest.xml:25:22-81
uses-permission#android.permission.WAKE_LOCK
ADDED from src\main\AndroidManifest.xml:28:5-68
	android:name
		ADDED from src\main\AndroidManifest.xml:28:22-65
user-permission
ADDED from src\main\AndroidManifest.xml:29:5-70
	android:name
		ADDED from src\main\AndroidManifest.xml:29:22-68
uses-permission#android.permission.SYSTEM_ALERT_WINDOW
ADDED from src\main\AndroidManifest.xml:31:5-77
	android:name
		ADDED from src\main\AndroidManifest.xml:31:22-75
application
ADDED from src\main\AndroidManifest.xml:32:5-67:19
MERGED from [com.android.support:appcompat-v7:22.2.1] AndroidManifest.xml:22:5-20
MERGED from [com.android.support:support-v4:23.0.0] AndroidManifest.xml:22:5-20
MERGED from [com.android.support:design:22.2.1] AndroidManifest.xml:22:5-20
MERGED from [myweather:imageLoader:unspecified] AndroidManifest.xml:11:5-16:19
MERGED from [com.android.support:cardview-v7:22.0.0] AndroidManifest.xml:22:5-20
MERGED from [com.google.android.gms:play-services-appindexing:8.4.0] AndroidManifest.xml:19:5-20
MERGED from [com.google.android.gms:play-services-basement:8.4.0] AndroidManifest.xml:20:5-24:19
MERGED from [com.squareup.leakcanary:leakcanary-android:1.3] AndroidManifest.xml:24:5-46:19
	android:label
		ADDED from src\main\AndroidManifest.xml:37:9-41
	android:allowBackup
		ADDED from src\main\AndroidManifest.xml:35:9-35
	android:icon
		ADDED from src\main\AndroidManifest.xml:36:9-45
	android:largeHeap
		ADDED from src\main\AndroidManifest.xml:33:9-33
	android:theme
		ADDED from src\main\AndroidManifest.xml:38:9-40
	android:name
		ADDED from src\main\AndroidManifest.xml:34:9-56
activity#com.example.Activity.TeamActivity
ADDED from src\main\AndroidManifest.xml:39:9-51:20
	android:label
		ADDED from src\main\AndroidManifest.xml:41:13-45
	android:stateNotNeeded
		ADDED from src\main\AndroidManifest.xml:43:13-42
	android:launchMode
		ADDED from src\main\AndroidManifest.xml:42:13-44
	android:name
		ADDED from src\main\AndroidManifest.xml:40:13-61
intent-filter#android.intent.action.MAIN+android.intent.category.DEFAULT+android.intent.category.HOME+android.intent.category.LAUNCHER+com.zhanghuamingmyself.install.MAIN
ADDED from src\main\AndroidManifest.xml:44:13-50:29
action#com.zhanghuamingmyself.install.MAIN
ADDED from src\main\AndroidManifest.xml:45:17-77
	android:name
		ADDED from src\main\AndroidManifest.xml:45:25-75
action#android.intent.action.MAIN
ADDED from src\main\AndroidManifest.xml:46:17-69
	android:name
		ADDED from src\main\AndroidManifest.xml:46:25-66
category#android.intent.category.HOME
ADDED from src\main\AndroidManifest.xml:47:21-76
	android:name
		ADDED from src\main\AndroidManifest.xml:47:31-74
category#android.intent.category.DEFAULT
ADDED from src\main\AndroidManifest.xml:48:21-79
	android:name
		ADDED from src\main\AndroidManifest.xml:48:31-77
category#android.intent.category.LAUNCHER
ADDED from src\main\AndroidManifest.xml:49:21-81
	android:name
		ADDED from src\main\AndroidManifest.xml:49:31-78
activity#com.example.Util.pictureplayActivity
ADDED from src\main\AndroidManifest.xml:52:9-82
	android:name
		ADDED from src\main\AndroidManifest.xml:52:19-70
activity#com.example.Activity.PicturePlayLocation
ADDED from src\main\AndroidManifest.xml:53:9-86
	android:name
		ADDED from src\main\AndroidManifest.xml:53:19-74
activity#com.example.Activity.VideoPlayLocation
ADDED from src\main\AndroidManifest.xml:54:9-84
	android:name
		ADDED from src\main\AndroidManifest.xml:54:19-72
activity#com.example.Activity.NearActivty
ADDED from src\main\AndroidManifest.xml:55:9-78
	android:name
		ADDED from src\main\AndroidManifest.xml:55:19-66
activity#com.example.Activity.PowerPointActivity
ADDED from src\main\AndroidManifest.xml:56:9-65
	android:name
		ADDED from src\main\AndroidManifest.xml:56:19-53
activity#com.example.Activity.OpenListActivity
ADDED from src\main\AndroidManifest.xml:57:9-63
	android:name
		ADDED from src\main\AndroidManifest.xml:57:19-51
activity#com.example.Activity.OpenActivity
ADDED from src\main\AndroidManifest.xml:58:9-59
	android:name
		ADDED from src\main\AndroidManifest.xml:58:19-47
activity#com.example.Activity.PictureGridActivity
ADDED from src\main\AndroidManifest.xml:59:9-66
	android:name
		ADDED from src\main\AndroidManifest.xml:59:19-54
activity#com.example.Activity.WorksActivity
ADDED from src\main\AndroidManifest.xml:60:9-60
	android:name
		ADDED from src\main\AndroidManifest.xml:60:19-48
activity#com.example.Activity.NearActivityList
ADDED from src\main\AndroidManifest.xml:61:9-63
	android:name
		ADDED from src\main\AndroidManifest.xml:61:19-51
service#com.example.Server.MyFloatservice
ADDED from src\main\AndroidManifest.xml:62:9-77
	android:name
		ADDED from src\main\AndroidManifest.xml:62:18-66
meta-data#com.google.android.gms.version
ADDED from src\main\AndroidManifest.xml:64:9-66:69
MERGED from [com.google.android.gms:play-services-basement:8.4.0] AndroidManifest.xml:21:9-23:69
	android:value
		ADDED from src\main\AndroidManifest.xml:66:13-66
	android:name
		ADDED from src\main\AndroidManifest.xml:65:13-58
service#com.squareup.leakcanary.internal.HeapAnalyzerService
ADDED from [com.squareup.leakcanary:leakcanary-android:1.3] AndroidManifest.xml:25:9-28:45
	android:enabled
		ADDED from [com.squareup.leakcanary:leakcanary-android:1.3] AndroidManifest.xml:27:13-36
	android:process
		ADDED from [com.squareup.leakcanary:leakcanary-android:1.3] AndroidManifest.xml:28:13-42
	android:name
		ADDED from [com.squareup.leakcanary:leakcanary-android:1.3] AndroidManifest.xml:26:13-80
service#com.squareup.leakcanary.DisplayLeakService
ADDED from [com.squareup.leakcanary:leakcanary-android:1.3] AndroidManifest.xml:29:9-31:39
	android:enabled
		ADDED from [com.squareup.leakcanary:leakcanary-android:1.3] AndroidManifest.xml:31:13-36
	android:name
		ADDED from [com.squareup.leakcanary:leakcanary-android:1.3] AndroidManifest.xml:30:13-70
activity#com.squareup.leakcanary.internal.DisplayLeakActivity
ADDED from [com.squareup.leakcanary:leakcanary-android:1.3] AndroidManifest.xml:33:9-45:20
	android:enabled
		ADDED from [com.squareup.leakcanary:leakcanary-android:1.3] AndroidManifest.xml:35:13-36
	android:label
		ADDED from [com.squareup.leakcanary:leakcanary-android:1.3] AndroidManifest.xml:37:13-73
	android:icon
		ADDED from [com.squareup.leakcanary:leakcanary-android:1.3] AndroidManifest.xml:36:13-56
	android:theme
		ADDED from [com.squareup.leakcanary:leakcanary-android:1.3] AndroidManifest.xml:39:13-53
	android:taskAffinity
		ADDED from [com.squareup.leakcanary:leakcanary-android:1.3] AndroidManifest.xml:38:13-59
	android:name
		ADDED from [com.squareup.leakcanary:leakcanary-android:1.3] AndroidManifest.xml:34:13-80
intent-filter#android.intent.action.MAIN+android.intent.category.LAUNCHER
ADDED from [com.squareup.leakcanary:leakcanary-android:1.3] AndroidManifest.xml:40:13-44:29